This file contains any messages produced by compilers while
running configure, to aid debugging if configure makes a mistake.

It was created by hello configure 0.0.1, which was
generated by GNU Autoconf 2.69.  Invocation command line was

  $ ../configure CPPFLAGS=-DDEBUG CCFLAGS=-g -O0 -pedantic -std=c99 -fdiagnostics-color=auto -Wall -Wextra

## --------- ##
## Platform. ##
## --------- ##

hostname = mac
uname -m = x86_64
uname -r = 17.7.0
uname -s = Darwin
uname -v = Darwin Kernel Version 17.7.0: Thu Jun 21 22:53:14 PDT 2018; root:xnu-4570.71.2~1/RELEASE_X86_64

/usr/bin/uname -p = i386
/bin/uname -X     = unknown

/bin/arch              = unknown
/usr/bin/arch -k       = unknown
/usr/convex/getsysinfo = unknown
/usr/bin/hostinfo      = Mach kernel version:
	 Darwin Kernel Version 17.7.0: Thu Jun 21 22:53:14 PDT 2018; root:xnu-4570.71.2~1/RELEASE_X86_64
Kernel configured for up to 8 processors.
4 processors are physically available.
8 processors are logically available.
Processor type: x86_64h (Intel x86-64h Haswell)
Processors active: 0 1 2 3 4 5 6 7
Primary memory available: 16.00 gigabytes
Default processor set: 362 tasks, 1416 threads, 8 processors
Load average: 1.18, Mach factor: 6.81
/bin/machine           = unknown
/usr/bin/oslevel       = unknown
/bin/universe          = unknown

PATH: /Users/dp/miniconda3/bin
PATH: /Users/dp/gdb/bin
PATH: /Users/dp/esp32/xtensa-esp32-elf/bin
PATH: /Users/dp/Library/Python/3.6//bin
PATH: /Users/dp/Library/Python/2.7/lib/python/site-packages
PATH: /Users/dp/Library/Python/2.7/bin
PATH: /usr/local/gcc-8.2/bin
PATH: /usr/local/bin
PATH: /usr/bin
PATH: /bin
PATH: /usr/sbin
PATH: /sbin


## ----------- ##
## Core tests. ##
## ----------- ##

configure:1843: checking for a BSD-compatible install
configure:1911: result: /usr/local/bin/ginstall -c
configure:1922: checking whether build environment is sane
configure:1977: result: yes
configure:2128: checking for a thread-safe mkdir -p
configure:2167: result: /usr/local/bin/gmkdir -p
configure:2174: checking for gawk
configure:2204: result: no
configure:2174: checking for mawk
configure:2204: result: no
configure:2174: checking for nawk
configure:2204: result: no
configure:2174: checking for awk
configure:2190: found /usr/bin/awk
configure:2201: result: awk
configure:2212: checking whether make sets $(MAKE)
configure:2234: result: yes
configure:2263: checking whether make supports nested variables
configure:2280: result: yes
configure:2467: checking for gcc
configure:2483: found /usr/bin/gcc
configure:2494: result: gcc
configure:2723: checking for C compiler version
configure:2732: gcc --version >&5
Apple LLVM version 9.0.0 (clang-900.0.37)
Target: x86_64-apple-darwin17.7.0
Thread model: posix
InstalledDir: /Applications/Xcode.app/Contents/Developer/Toolchains/XcodeDefault.xctoolchain/usr/bin
Configured with: --prefix=/Applications/Xcode.app/Contents/Developer/usr --with-gxx-include-dir=/usr/include/c++/4.2.1
configure:2743: $? = 0
configure:2732: gcc -v >&5
Configured with: --prefix=/Applications/Xcode.app/Contents/Developer/usr --with-gxx-include-dir=/usr/include/c++/4.2.1
Apple LLVM version 9.0.0 (clang-900.0.37)
Target: x86_64-apple-darwin17.7.0
Thread model: posix
InstalledDir: /Applications/Xcode.app/Contents/Developer/Toolchains/XcodeDefault.xctoolchain/usr/bin
configure:2743: $? = 0
configure:2732: gcc -V >&5
clang: error: argument to '-V' is missing (expected 1 value)
clang: error: no input files
configure:2743: $? = 1
configure:2732: gcc -qversion >&5
clang: error: unknown argument: '-qversion'
clang: error: no input files
configure:2743: $? = 1
configure:2763: checking whether the C compiler works
configure:2785: gcc  -DDEBUG  conftest.c  >&5
configure:2789: $? = 0
configure:2837: result: yes
configure:2840: checking for C compiler default output file name
configure:2842: result: a.out
configure:2848: checking for suffix of executables
configure:2855: gcc -o conftest  -DDEBUG  conftest.c  >&5
configure:2859: $? = 0
configure:2881: result: 
configure:2903: checking whether we are cross compiling
configure:2911: gcc -o conftest  -DDEBUG  conftest.c  >&5
configure:2915: $? = 0
configure:2922: ./conftest
configure:2926: $? = 0
configure:2941: result: no
configure:2946: checking for suffix of object files
configure:2968: gcc -c  -DDEBUG conftest.c >&5
configure:2972: $? = 0
configure:2993: result: o
configure:2997: checking whether we are using the GNU C compiler
configure:3016: gcc -c  -DDEBUG conftest.c >&5
configure:3016: $? = 0
configure:3025: result: yes
configure:3034: checking whether gcc accepts -g
configure:3054: gcc -c -g -DDEBUG conftest.c >&5
configure:3054: $? = 0
configure:3095: result: yes
configure:3112: checking for gcc option to accept ISO C89
configure:3175: gcc  -c -g -O2 -DDEBUG conftest.c >&5
configure:3175: $? = 0
configure:3188: result: none needed
configure:3213: checking whether gcc understands -c and -o together
configure:3235: gcc -c conftest.c -o conftest2.o
configure:3238: $? = 0
configure:3235: gcc -c conftest.c -o conftest2.o
configure:3238: $? = 0
configure:3250: result: yes
configure:3278: checking for style of include used by make
configure:3306: result: GNU
configure:3332: checking dependency style of gcc
configure:3443: result: gcc3
configure:3571: checking that generated files are newer than configure
configure:3577: result: done
configure:3600: creating ./config.status

## ---------------------- ##
## Running config.status. ##
## ---------------------- ##

This file was extended by hello config.status 0.0.1, which was
generated by GNU Autoconf 2.69.  Invocation command line was

  CONFIG_FILES    = 
  CONFIG_HEADERS  = 
  CONFIG_LINKS    = 
  CONFIG_COMMANDS = 
  $ ./config.status 

on mac

config.status:841: creating Makefile
config.status:841: creating src/Makefile
config.status:841: creating config.h
config.status:1007: config.h is unchanged
config.status:1055: executing depfiles commands

## ---------------- ##
## Cache variables. ##
## ---------------- ##

ac_cv_c_compiler_gnu=yes
ac_cv_env_CC_set=
ac_cv_env_CC_value=
ac_cv_env_CFLAGS_set=
ac_cv_env_CFLAGS_value=
ac_cv_env_CPPFLAGS_set=set
ac_cv_env_CPPFLAGS_value=-DDEBUG
ac_cv_env_LDFLAGS_set=
ac_cv_env_LDFLAGS_value=
ac_cv_env_LIBS_set=
ac_cv_env_LIBS_value=
ac_cv_env_build_alias_set=
ac_cv_env_build_alias_value=
ac_cv_env_host_alias_set=
ac_cv_env_host_alias_value=
ac_cv_env_target_alias_set=
ac_cv_env_target_alias_value=
ac_cv_objext=o
ac_cv_path_install='/usr/local/bin/ginstall -c'
ac_cv_path_mkdir=/usr/local/bin/gmkdir
ac_cv_prog_AWK=awk
ac_cv_prog_ac_ct_CC=gcc
ac_cv_prog_cc_c89=
ac_cv_prog_cc_g=yes
ac_cv_prog_make_make_set=yes
am_cv_CC_dependencies_compiler_type=gcc3
am_cv_make_support_nested_variables=yes
am_cv_prog_cc_c_o=yes

## ----------------- ##
## Output variables. ##
## ----------------- ##

ACLOCAL='${SHELL} /Users/dp/Desktop/autotools/project/recursive-make/missing aclocal-1.15'
AMDEPBACKSLASH='\'
AMDEP_FALSE='#'
AMDEP_TRUE=''
AMTAR='$${TAR-tar}'
AM_BACKSLASH='\'
AM_DEFAULT_V='$(AM_DEFAULT_VERBOSITY)'
AM_DEFAULT_VERBOSITY='1'
AM_V='$(V)'
AUTOCONF='${SHELL} /Users/dp/Desktop/autotools/project/recursive-make/missing autoconf'
AUTOHEADER='${SHELL} /Users/dp/Desktop/autotools/project/recursive-make/missing autoheader'
AUTOMAKE='${SHELL} /Users/dp/Desktop/autotools/project/recursive-make/missing automake-1.15'
AWK='awk'
CC='gcc'
CCDEPMODE='depmode=gcc3'
CFLAGS='-g -O2'
CPPFLAGS='-DDEBUG'
CYGPATH_W='echo'
DEFS='-DHAVE_CONFIG_H'
DEPDIR='.deps'
ECHO_C='\c'
ECHO_N=''
ECHO_T=''
EXEEXT=''
INSTALL_DATA='${INSTALL} -m 644'
INSTALL_PROGRAM='${INSTALL}'
INSTALL_SCRIPT='${INSTALL}'
INSTALL_STRIP_PROGRAM='$(install_sh) -c -s'
LDFLAGS=''
LIBOBJS=''
LIBS=''
LTLIBOBJS=''
MAKEINFO='${SHELL} /Users/dp/Desktop/autotools/project/recursive-make/missing makeinfo'
MKDIR_P='/usr/local/bin/gmkdir -p'
OBJEXT='o'
PACKAGE='hello'
PACKAGE_BUGREPORT='bug@xxx.com'
PACKAGE_NAME='hello'
PACKAGE_STRING='hello 0.0.1'
PACKAGE_TARNAME='hello'
PACKAGE_URL='http://www.xxx.com'
PACKAGE_VERSION='0.0.1'
PATH_SEPARATOR=':'
SET_MAKE=''
SHELL='/bin/sh'
STRIP=''
VERSION='0.0.1'
ac_ct_CC='gcc'
am__EXEEXT_FALSE=''
am__EXEEXT_TRUE='#'
am__fastdepCC_FALSE='#'
am__fastdepCC_TRUE=''
am__include='include'
am__isrc=' -I$(srcdir)'
am__leading_dot='.'
am__nodep='_no'
am__quote=''
am__tar='$${TAR-tar} chof - "$$tardir"'
am__untar='$${TAR-tar} xf -'
bindir='${exec_prefix}/bin'
build_alias=''
datadir='${datarootdir}'
datarootdir='${prefix}/share'
docdir='${datarootdir}/doc/${PACKAGE_TARNAME}'
dvidir='${docdir}'
exec_prefix='${prefix}'
host_alias=''
htmldir='${docdir}'
includedir='${prefix}/include'
infodir='${datarootdir}/info'
install_sh='${SHELL} /Users/dp/Desktop/autotools/project/recursive-make/install-sh'
libdir='${exec_prefix}/lib'
libexecdir='${exec_prefix}/libexec'
localedir='${datarootdir}/locale'
localstatedir='${prefix}/var'
mandir='${datarootdir}/man'
mkdir_p='$(MKDIR_P)'
oldincludedir='/usr/include'
pdfdir='${docdir}'
prefix='/usr/local'
program_transform_name='s,x,x,'
psdir='${docdir}'
sbindir='${exec_prefix}/sbin'
sharedstatedir='${prefix}/com'
sysconfdir='${prefix}/etc'
target_alias=''

## ----------- ##
## confdefs.h. ##
## ----------- ##

/* confdefs.h */
#define PACKAGE_NAME "hello"
#define PACKAGE_TARNAME "hello"
#define PACKAGE_VERSION "0.0.1"
#define PACKAGE_STRING "hello 0.0.1"
#define PACKAGE_BUGREPORT "bug@xxx.com"
#define PACKAGE_URL "http://www.xxx.com"
#define PACKAGE "hello"
#define VERSION "0.0.1"

configure: exit 0
